2025-05-05 05:52:32 Loading main app package /usr/lib/obsidian/obsidian.asar
2025-05-05 05:52:33 Checking for update using Github
2025-05-05 05:52:33 Success.
2025-05-05 05:52:33 Latest version is 1.8.10
2025-05-05 05:52:33 App is up to date.
2025-05-05 06:34:53 Loading main app package /usr/lib/obsidian/obsidian.asar
2025-05-05 06:34:53 Checking for update using Github
2025-05-05 06:34:54 Success.
2025-05-05 06:34:54 Latest version is 1.8.10
2025-05-05 06:34:54 App is up to date.
2025-05-05 06:43:14 Loading main app package /usr/lib/obsidian/obsidian.asar
2025-05-05 06:43:14 Checking for update using Github
2025-05-05 06:43:14 Success.
2025-05-05 06:43:14 Latest version is 1.8.10
2025-05-05 06:43:14 App is up to date.
2025-05-05 19:18:56 Loading main app package /usr/lib/obsidian/obsidian.asar
2025-05-05 19:18:56 Checking for update using Github
2025-05-05 19:18:56 Success.
2025-05-05 19:18:56 Latest version is 1.8.10
2025-05-05 19:18:56 App is up to date.
2025-05-06 07:07:53 Loading main app package /usr/lib/obsidian/obsidian.asar
2025-05-06 07:07:54 Checking for update using Github
2025-05-06 07:07:54 Success.
2025-05-06 07:07:54 Latest version is 1.8.10
2025-05-06 07:07:54 App is up to date.
2025-05-07 08:31:25 Loading main app package /usr/lib/obsidian/obsidian.asar
2025-05-07 08:31:25 Checking for update using Github
2025-05-07 08:31:26 Success.
2025-05-07 08:31:26 Latest version is 1.8.10
2025-05-07 08:31:26 App is up to date.
2025-05-07 09:02:33 Loading main app package /usr/lib/obsidian/obsidian.asar
2025-05-07 09:02:33 Checking for update using Github
2025-05-07 09:02:33 Success.
2025-05-07 09:02:33 Latest version is 1.8.10
2025-05-07 09:02:33 App is up to date.
2025-05-08 04:57:29 Loading main app package /usr/lib/obsidian/obsidian.asar
2025-05-08 04:57:30 Checking for update using Github
2025-05-08 04:57:30 Success.
2025-05-08 04:57:30 Latest version is 1.8.10
2025-05-08 04:57:30 App is up to date.
2025-05-08 18:48:05 Checking for update using Github
2025-05-08 18:48:05 Success.
2025-05-08 18:48:05 Latest version is 1.8.10
2025-05-08 18:48:05 App is up to date.
2025-05-09 19:11:14 Loading main app package /usr/lib/obsidian/obsidian.asar
2025-05-09 19:11:15 Checking for update using Github
2025-05-09 19:11:15 Success.
2025-05-09 19:11:15 Latest version is 1.8.10
2025-05-09 19:11:15 App is up to date.
2025-05-10 07:03:15 Loading main app package /usr/lib/obsidian/obsidian.asar
2025-05-10 07:03:15 Checking for update using Github
2025-05-10 07:03:15 Success.
2025-05-10 07:03:15 Latest version is 1.8.10
2025-05-10 07:03:15 App is up to date.
2025-05-11 18:52:04 Loading main app package /usr/lib/obsidian/obsidian.asar
2025-05-11 18:52:04 Checking for update using Github
2025-05-11 18:52:05 Success.
2025-05-11 18:52:05 Latest version is 1.8.10
2025-05-11 18:52:05 App is up to date.
2025-05-12 04:41:43 Loading main app package /usr/lib/obsidian/obsidian.asar
2025-05-12 04:41:43 Checking for update using Github
2025-05-12 04:41:43 Success.
2025-05-12 04:41:43 Latest version is 1.8.10
2025-05-12 04:41:43 App is up to date.
2025-05-12 05:47:07 Checking for update using Github
2025-05-12 05:47:07 Success.
2025-05-12 05:47:07 Latest version is 1.8.10
2025-05-12 05:47:07 App is up to date.
2025-05-13 04:58:34 Loading main app package /usr/lib/obsidian/obsidian.asar
2025-05-13 04:58:34 Checking for update using Github
2025-05-13 04:58:34 Success.
2025-05-13 04:58:34 Latest version is 1.8.10
2025-05-13 04:58:34 App is up to date.
2025-05-14 07:11:09 Loading main app package /usr/lib/obsidian/obsidian.asar
2025-05-14 07:11:09 Checking for update using Github
2025-05-14 07:11:11 Success.
2025-05-14 07:11:11 Latest version is 1.8.10
2025-05-14 07:11:11 App is up to date.
2025-05-14 08:11:09 Checking for update using Github
2025-05-14 08:11:09 Success.
2025-05-14 08:11:09 Latest version is 1.8.10
2025-05-14 08:11:09 App is up to date.
2025-05-15 05:21:59 Loading main app package /usr/lib/obsidian/obsidian.asar
2025-05-15 05:21:59 Checking for update using Github
2025-05-15 05:21:59 Success.
2025-05-15 05:21:59 Latest version is 1.8.10
2025-05-15 05:21:59 App is up to date.
