2024-08-09 19:00:59 Loading main app package /nix/store/2xb6a506kasinf4c66qd9nv29snw5b4s-obsidian-1.5.12/share/obsidian/obsidian.asar
2024-08-09 19:00:59 Checking for update using Github
2024-08-09 19:01:00 Success.
2024-08-09 19:01:00 Latest version is 1.6.7
2024-08-09 19:01:00 Downloading update from https://github.com/obsidianmd/obsidian-releases/releases/download/v1.6.7/obsidian-1.6.7.asar.gz
2024-08-09 19:01:02 Verifying hash & signature. Size= 7993245
2024-08-09 19:01:02 Saving file
2024-08-09 19:01:02 Update complete.
2024-08-09 19:03:00 Loading updated app package /home/moley/.config/obsidian/obsidian-1.6.7.asar
2024-08-09 19:03:01 Checking for update using Github
2024-08-09 19:03:01 Success.
2024-08-09 19:03:01 Latest version is 1.6.7
2024-08-09 19:03:01 App is up to date.
2024-08-09 19:03:09 Loading updated app package /home/moley/.config/obsidian/obsidian-1.6.7.asar
2024-08-09 19:03:10 Checking for update using Github
2024-08-09 19:03:10 Success.
2024-08-09 19:03:10 Latest version is 1.6.7
2024-08-09 19:03:10 App is up to date.
2024-08-12 19:15:32 Loading main app package /nix/store/8v8cnvz4xcgrbnssq3flrkhhb0an79hr-obsidian-1.6.7/share/obsidian/obsidian.asar
2024-08-12 19:15:33 Checking for update using Github
2024-08-12 19:15:33 Success.
2024-08-12 19:15:33 Latest version is 1.6.7
2024-08-12 19:15:33 App is up to date.
